<?xml version="1.0" encoding="UTF-8"?>
<testng-results ignored="0" total="1" passed="1" failed="0" skipped="0">
  <reporter-output>
  </reporter-output>
  <suite started-at="2022-11-15T18:47:27 IST" name="Default suite" finished-at="2022-11-15T18:47:36 IST" duration-ms="9211">
    <groups>
    </groups>
    <test started-at="2022-11-15T18:47:27 IST" name="Default test" finished-at="2022-11-15T18:47:36 IST" duration-ms="9211">
      <class name="executeTests.LoginTest_2">
        <test-method is-config="true" signature="launchUrl()[pri:0, instance:executeTests.LoginTest_2@4f209819]" started-at="2022-11-15T18:47:27 IST" name="launchUrl" finished-at="2022-11-15T18:47:35 IST" duration-ms="8203" status="PASS">
          <reporter-output>
          </reporter-output>
        </test-method> <!-- launchUrl -->
        <test-method signature="sendUsernameAndPassword()[pri:0, instance:executeTests.LoginTest_2@4f209819]" started-at="2022-11-15T18:47:35 IST" name="sendUsernameAndPassword" finished-at="2022-11-15T18:47:36 IST" duration-ms="941" status="PASS">
          <reporter-output>
          </reporter-output>
        </test-method> <!-- sendUsernameAndPassword -->
      </class> <!-- executeTests.LoginTest_2 -->
    </test> <!-- Default test -->
  </suite> <!-- Default suite -->
</testng-results>
